# JRE version: OpenJDK Runtime Environment (11.0.15) (build 11.0.15+0-b2043.56-9505619)
# Java VM: OpenJDK 64-Bit Server VM (11.0.15+0-b2043.56-9505619, mixed mode, tiered, compressed oops, g1 gc, windows-amd64)
Heap:
 garbage-first heap   total 157696K, used 107298K [0x0000000080000000, 0x0000000100000000)
  region size 1024K, 78 young (79872K), 10 survivors (10240K)
 Metaspace       used 53234K, capacity 54662K, committed 54832K, reserved 1097728K
  class space    used 6758K, capacity 7284K, committed 7296K, reserved 1048576K
GC Heap History (18 events):
Event: 0.677 GC heap before
{Heap before GC invocations=0 (full 0):
 garbage-first heap   total 131072K, used 16384K [0x0000000080000000, 0x0000000100000000)
  region size 1024K, 14 young (14336K), 0 survivors (0K)
 Metaspace       used 6733K, capacity 6929K, committed 7168K, reserved 1056768K
  class space    used 571K, capacity 650K, committed 768K, reserved 1048576K
}
Event: 0.682 GC heap after
{Heap after GC invocations=1 (full 0):
 garbage-first heap   total 131072K, used 3793K [0x0000000080000000, 0x0000000100000000)
  region size 1024K, 2 young (2048K), 2 survivors (2048K)
 Metaspace       used 6733K, capacity 6929K, committed 7168K, reserved 1056768K
  class space    used 571K, capacity 650K, committed 768K, reserved 1048576K
}
Event: 1.301 GC heap before
{Heap before GC invocations=1 (full 0):
 garbage-first heap   total 131072K, used 18129K [0x0000000080000000, 0x0000000100000000)
  region size 1024K, 14 young (14336K), 2 survivors (2048K)
 Metaspace       used 9911K, capacity 10122K, committed 10368K, reserved 1058816K
  class space    used 1011K, capacity 1102K, committed 1152K, reserved 1048576K
}
Event: 1.307 GC heap after
{Heap after GC invocations=2 (full 0):
 garbage-first heap   total 131072K, used 9326K [0x0000000080000000, 0x0000000100000000)
  region size 1024K, 2 young (2048K), 2 survivors (2048K)
 Metaspace       used 9911K, capacity 10122K, committed 10368K, reserved 1058816K
  class space    used 1011K, capacity 1102K, committed 1152K, reserved 1048576K
}
Event: 1.928 GC heap before
{Heap before GC invocations=2 (full 0):
 garbage-first heap   total 131072K, used 37998K [0x0000000080000000, 0x0000000100000000)
  region size 1024K, 29 young (29696K), 2 survivors (2048K)
 Metaspace       used 10918K, capacity 11141K, committed 11264K, reserved 1058816K
  class space    used 1113K, capacity 1207K, committed 1280K, reserved 1048576K
}
Event: 1.933 GC heap after
{Heap after GC invocations=3 (full 0):
 garbage-first heap   total 131072K, used 11907K [0x0000000080000000, 0x0000000100000000)
  region size 1024K, 4 young (4096K), 4 survivors (4096K)
 Metaspace       used 10918K, capacity 11141K, committed 11264K, reserved 1058816K
  class space    used 1113K, capacity 1207K, committed 1280K, reserved 1048576K
}
Event: 3.510 GC heap before
{Heap before GC invocations=3 (full 0):
 garbage-first heap   total 131072K, used 51843K [0x0000000080000000, 0x0000000100000000)
  region size 1024K, 43 young (44032K), 4 survivors (4096K)
 Metaspace       used 17798K, capacity 18199K, committed 18432K, reserved 1064960K
  class space    used 2072K, capacity 2241K, committed 2304K, reserved 1048576K
}
Event: 3.522 GC heap after
{Heap after GC invocations=4 (full 0):
 garbage-first heap   total 131072K, used 16442K [0x0000000080000000, 0x0000000100000000)
  region size 1024K, 6 young (6144K), 6 survivors (6144K)
 Metaspace       used 17798K, capacity 18199K, committed 18432K, reserved 1064960K
  class space    used 2072K, capacity 2241K, committed 2304K, reserved 1048576K
}
Event: 4.693 GC heap before
{Heap before GC invocations=4 (full 0):
 garbage-first heap   total 131072K, used 43066K [0x0000000080000000, 0x0000000100000000)
  region size 1024K, 33 young (33792K), 6 survivors (6144K)
 Metaspace       used 20800K, capacity 21191K, committed 21296K, reserved 1069056K
  class space    used 2522K, capacity 2685K, committed 2688K, reserved 1048576K
}
Event: 4.705 GC heap after
{Heap after GC invocations=5 (full 0):
 garbage-first heap   total 131072K, used 17682K [0x0000000080000000, 0x0000000100000000)
  region size 1024K, 2 young (2048K), 2 survivors (2048K)
 Metaspace       used 20800K, capacity 21191K, committed 21296K, reserved 1069056K
  class space    used 2522K, capacity 2685K, committed 2688K, reserved 1048576K
}
Event: 7.347 GC heap before
{Heap before GC invocations=6 (full 0):
 garbage-first heap   total 131072K, used 66834K [0x0000000080000000, 0x0000000100000000)
  region size 1024K, 50 young (51200K), 2 survivors (2048K)
 Metaspace       used 26011K, capacity 26597K, committed 26800K, reserved 1073152K
  class space    used 3367K, capacity 3581K, committed 3584K, reserved 1048576K
}
Event: 7.353 GC heap after
{Heap after GC invocations=7 (full 0):
 garbage-first heap   total 157696K, used 19243K [0x0000000080000000, 0x0000000100000000)
  region size 1024K, 3 young (3072K), 3 survivors (3072K)
 Metaspace       used 26011K, capacity 26597K, committed 26800K, reserved 1073152K
  class space    used 3367K, capacity 3581K, committed 3584K, reserved 1048576K
}
Event: 10.095 GC heap before
{Heap before GC invocations=7 (full 0):
 garbage-first heap   total 157696K, used 89899K [0x0000000080000000, 0x0000000100000000)
  region size 1024K, 73 young (74752K), 3 survivors (3072K)
 Metaspace       used 34828K, capacity 35736K, committed 35888K, reserved 1081344K
  class space    used 4550K, capacity 4887K, committed 4992K, reserved 1048576K
}
Event: 10.110 GC heap after
{Heap after GC invocations=8 (full 0):
 garbage-first heap   total 157696K, used 22450K [0x0000000080000000, 0x0000000100000000)
  region size 1024K, 6 young (6144K), 6 survivors (6144K)
 Metaspace       used 34828K, capacity 35736K, committed 35888K, reserved 1081344K
  class space    used 4550K, capacity 4887K, committed 4992K, reserved 1048576K
}
Event: 12.520 GC heap before
{Heap before GC invocations=9 (full 0):
 garbage-first heap   total 157696K, used 104370K [0x0000000080000000, 0x0000000100000000)
  region size 1024K, 83 young (84992K), 6 survivors (6144K)
 Metaspace       used 41845K, capacity 42800K, committed 43056K, reserved 1087488K
  class space    used 5317K, capacity 5679K, committed 5760K, reserved 1048576K
}
Event: 12.544 GC heap after
{Heap after GC invocations=10 (full 0):
 garbage-first heap   total 157696K, used 29144K [0x0000000080000000, 0x0000000100000000)
  region size 1024K, 11 young (11264K), 11 survivors (11264K)
 Metaspace       used 41845K, capacity 42800K, committed 43056K, reserved 1087488K
  class space    used 5317K, capacity 5679K, committed 5760K, reserved 1048576K
}
Event: 14.784 GC heap before
{Heap before GC invocations=10 (full 0):
 garbage-first heap   total 157696K, used 109016K [0x0000000080000000, 0x0000000100000000)
  region size 1024K, 89 young (91136K), 11 survivors (11264K)
 Metaspace       used 48684K, capacity 49995K, committed 50224K, reserved 1093632K
  class space    used 6224K, capacity 6728K, committed 6784K, reserved 1048576K
}
Event: 14.803 GC heap after
{Heap after GC invocations=11 (full 0):
 garbage-first heap   total 157696K, used 32546K [0x0000000080000000, 0x0000000100000000)
  region size 1024K, 10 young (10240K), 10 survivors (10240K)
 Metaspace       used 48684K, capacity 49995K, committed 50224K, reserved 1093632K
  class space    used 6224K, capacity 6728K, committed 6784K, reserved 1048576K
}

